<?xml version="1.0" encoding="UTF-8"?>
<!-- Generated by org.testng.reporters.JUnitReportReporter -->
<testsuite hostname="DESKTOP-DM4463T" failures="0" tests="1" name="General.keyboadMouseEvent" time="7.378" errors="0" timestamp="2025-01-18T16:05:52 IST" skipped="0">
  <testcase classname="General.keyboadMouseEvent" name="openBrowser" time="7.378"/>
</testsuite> <!-- General.keyboadMouseEvent -->
