<?xml version="1.0" encoding="UTF-8"?>
<!-- Generated by org.testng.reporters.JUnitReportReporter -->
<testsuite hostname="DESKTOP-DM4463T" failures="0" tests="1" name="General.JavascriptExecuter" time="5.980" errors="0" timestamp="2025-01-18T16:05:52 IST" skipped="0">
  <testcase classname="General.JavascriptExecuter" name="init" time="5.980"/>
</testsuite> <!-- General.JavascriptExecuter -->
